<?xml version="1.0" encoding="UTF-8"?>
<!-- Generated by org.testng.reporters.JUnitReportReporter -->
<testsuite hostname="MOHAMMEDs-MacBook-Pro.local" name="com.qa.cohealth1.test.JustTest" tests="1" failures="0" timestamp="31 Mar 2018 23:27:41 GMT" time="6.794" errors="0">
  <testcase name="testCase3" time="6.794" classname="com.qa.cohealth1.test.JustTest"/>
</testsuite> <!-- com.qa.cohealth1.test.JustTest -->
