<?xml version="1.0" encoding="UTF-8"?>
<!-- Generated by org.testng.reporters.JUnitReportReporter -->
<testsuite hostname="MOHAMMEDs-MacBook-Pro.local" name="com.qa.cohealth1.test.ourMission.TC01_OurMissionTest" tests="1" failures="0" timestamp="2 Apr 2018 04:58:09 GMT" time="4.351" errors="0">
  <testcase name="verifyOurMissionLink" time="4.351" classname="com.qa.cohealth1.test.ourMission.TC01_OurMissionTest"/>
</testsuite> <!-- com.qa.cohealth1.test.ourMission.TC01_OurMissionTest -->
