<?xml version="1.0" encoding="UTF-8"?>
<!-- Generated by org.testng.reporters.JUnitReportReporter -->
<testsuite hostname="MOHAMMEDs-MacBook-Pro.local" name="com.qa.cohealth1.test.OurTeamTest" tests="2" failures="0" timestamp="1 Apr 2018 22:15:21 GMT" time="5.513" errors="0">
  <testcase name="verifyOurTeamLink" time="0.096" classname="com.qa.cohealth1.test.OurTeamTest"/>
  <testcase name="VerifyAliDiabPtr" time="5.417" classname="com.qa.cohealth1.test.OurTeamTest"/>
</testsuite> <!-- com.qa.cohealth1.test.OurTeamTest -->
