<?xml version="1.0" encoding="UTF-8"?>
<!-- Generated by org.testng.reporters.JUnitReportReporter -->
<testsuite hostname="MOHAMMEDs-MacBook-Pro.local" name="com.qa.cohealth1.test.TC01_memberSignInTest" tests="1" failures="0" timestamp="2 Apr 2018 05:45:14 GMT" time="2.385" errors="0">
  <testcase name="verifyNonMemberSignIn" time="2.385" classname="com.qa.cohealth1.test.TC01_memberSignInTest"/>
</testsuite> <!-- com.qa.cohealth1.test.TC01_memberSignInTest -->
