<?xml version="1.0" encoding="UTF-8"?>
<!-- Generated by org.testng.reporters.JUnitReportReporter -->
<testsuite hostname="MOHAMMEDs-MacBook-Pro.local" name="com.qa.cohealth1.test.TC01_OurMissionTest" tests="1" failures="0" timestamp="2 Apr 2018 05:53:28 GMT" time="4.141" errors="0">
  <testcase name="verifyOurMissionLink" time="4.141" classname="com.qa.cohealth1.test.TC01_OurMissionTest"/>
</testsuite> <!-- com.qa.cohealth1.test.TC01_OurMissionTest -->
