<?xml version="1.0" encoding="UTF-8"?>
<!-- Generated by org.testng.reporters.JUnitReportReporter -->
<testsuite hostname="MOHAMMEDs-MacBook-Pro.local" name="com.qa.cohealth1.test.TC003_JobsTest" tests="1" failures="0" timestamp="2 Apr 2018 07:24:42 GMT" time="4.824" errors="0">
  <testcase name="VerifyJobsQaEnginerLink" time="4.824" classname="com.qa.cohealth1.test.TC003_JobsTest"/>
</testsuite> <!-- com.qa.cohealth1.test.TC003_JobsTest -->
