<?xml version="1.0" encoding="UTF-8"?>
<!-- Generated by org.testng.reporters.JUnitReportReporter -->
<testsuite hostname="MOHAMMEDs-MacBook-Pro.local" name="com.qa.cohealth1.test.TC001_OurTeamTest" tests="1" failures="0" timestamp="2 Apr 2018 07:24:42 GMT" time="0.080" errors="0">
  <testcase name="verifyOurTeamLink" time="0.080" classname="com.qa.cohealth1.test.TC001_OurTeamTest"/>
</testsuite> <!-- com.qa.cohealth1.test.TC001_OurTeamTest -->
